0 info it worked if it ends with ok
1 verbose cli [ '/usr/bin/node', '/usr/bin/npm', 'install', '-g', 'karma' ]
2 info using npm@1.2.18
3 info using node@v0.10.5
4 verbose node symlink /usr/bin/node
5 verbose read json /usr/lib/package.json
6 verbose read json /usr/lib/package.json
7 verbose cache add [ 'karma', null ]
8 verbose cache add name=undefined spec="karma" args=["karma",null]
9 verbose parsed url { protocol: null,
9 verbose parsed url   slashes: null,
9 verbose parsed url   auth: null,
9 verbose parsed url   host: null,
9 verbose parsed url   port: null,
9 verbose parsed url   hostname: null,
9 verbose parsed url   hash: null,
9 verbose parsed url   search: null,
9 verbose parsed url   query: null,
9 verbose parsed url   pathname: 'karma',
9 verbose parsed url   path: 'karma',
9 verbose parsed url   href: 'karma' }
10 silly lockFile 512423cb-karma karma
11 verbose lock karma /home/zargyle/.npm/512423cb-karma.lock
12 silly lockFile 512423cb-karma karma
13 verbose addNamed [ 'karma', '' ]
14 verbose addNamed [ null, '' ]
15 silly lockFile cd7961bb-karma karma@
16 verbose lock karma@ /home/zargyle/.npm/cd7961bb-karma.lock
17 silly lockFile cd7961bb-karma karma@
18 error Error: EACCES, open '/home/zargyle/.npm/cd7961bb-karma.lock'
18 error  { [Error: EACCES, open '/home/zargyle/.npm/cd7961bb-karma.lock']
18 error   errno: 3,
18 error   code: 'EACCES',
18 error   path: '/home/zargyle/.npm/cd7961bb-karma.lock' }
19 error Please try running this command again as root/Administrator.
20 error System Linux 3.5.0-17-generic
21 error command "/usr/bin/node" "/usr/bin/npm" "install" "-g" "karma"
22 error cwd /home/zargyle/Dev/carpet-direct-frontend
23 error node -v v0.10.5
24 error npm -v 1.2.18
25 error path /home/zargyle/.npm/cd7961bb-karma.lock
26 error code EACCES
27 error errno 3
28 error stack Error: EACCES, open '/home/zargyle/.npm/cd7961bb-karma.lock'
29 verbose exit [ 3, true ]
